SF:src/jquantstats/__init__.py
end_of_record
SF:src/jquantstats/_plots.py
DA:1,1
DA:2,1
DA:4,1
DA:5,1
DA:6,1
DA:7,1
DA:10,1
DA:11,1
DA:29,1
DA:31,1
DA:44,1
DA:45,1
DA:55,1
DA:56,1
DA:57,1
DA:58,1
DA:60,1
DA:83,1
DA:86,1
DA:89,1
DA:90,1
DA:100,1
DA:115,1
DA:117,1
DA:119,1
DA:149,1
DA:152,1
DA:162,1
DA:163,1
DA:164,1
DA:176,1
DA:177,1
DA:189,1
DA:190,1
DA:202,1
DA:211,1
DA:212,1
DA:215,1
DA:216,1
DA:217,1
DA:219,1
DA:221,1
DA:255,1
DA:256,1
DA:259,1
DA:262,1
DA:269,1
DA:277,1
DA:278,1
DA:281,1
DA:282,1
DA:285,1
DA:286,1
DA:287,1
DA:289,1
DA:290,1
DA:292,1
DA:314,1
DA:340,1
LF:59
LH:59
FN:45,58,Plots._get_colors
FNDA:1,Plots._get_colors
FN:60,117,Plots.plot_returns_bars
FNDA:1,Plots.plot_returns_bars
FN:119,219,Plots.plot_snapshot
FNDA:1,Plots.plot_snapshot
FN:221,340,Plots.monthly_heatmap
FNDA:1,Plots.monthly_heatmap
FNF:4
FNH:4
end_of_record
SF:src/jquantstats/_stats.py
DA:1,1
DA:2,1
DA:3,1
DA:5,1
DA:6,1
DA:9,1
DA:10,1
DA:32,1
DA:33,1
DA:35,1
DA:36,1
DA:38,1
DA:39,1
DA:40,1
DA:42,1
DA:43,1
DA:44,1
DA:46,1
DA:47,1
DA:53,1
DA:54,1
DA:55,1
DA:57,1
DA:59,1
DA:60,1
DA:63,1
DA:64,1
DA:65,1
DA:70,1
DA:72,1
DA:73,1
DA:77,1
DA:79,1
DA:80,1
DA:85,1
DA:87,1
DA:88,1
DA:90,1
DA:92,1
DA:93,1
DA:98,1
DA:100,1
DA:101,1
DA:106,1
DA:108,1
DA:109,1
DA:115,1
DA:116,1
DA:118,1
DA:119,1
DA:120,1
DA:122,1
DA:123,1
DA:135,1
DA:137,1
DA:140,1
DA:143,1
DA:145,1
DA:146,1
DA:150,1
DA:152,1
DA:153,1
DA:155,1
DA:157,1
DA:159,1
DA:160,1
DA:162,1
DA:163,1
DA:165,1
DA:166,1
DA:167,1
DA:169,1
DA:171,1
DA:172,1
DA:174,1
DA:175,1
DA:177,1
DA:178,1
DA:180,1
DA:182,1
DA:184,1
DA:185,1
DA:187,1
DA:189,1
DA:190,1
DA:196,1
DA:199,1
DA:201,1
DA:203,1
DA:205,1
DA:206,1
DA:212,1
DA:215,1
DA:218,1
DA:220,1
DA:222,1
DA:224,1
DA:226,1
DA:228,1
DA:230,1
DA:231,1
DA:233,1
DA:234,1
DA:235,1
DA:237,1
DA:238,1
DA:240,1
DA:241,1
DA:242,1
DA:244,1
DA:245,1
DA:250,1
DA:251,1
DA:252,1
DA:253,1
DA:254,1
DA:255,1
DA:257,1
DA:258,1
DA:263,1
DA:264,1
DA:265,1
DA:267,1
DA:268,1
DA:273,1
DA:274,1
DA:275,1
DA:277,1
DA:278,1
DA:282,1
DA:284,1
DA:293,1
DA:294,1
DA:296,1
DA:302,1
DA:303,1
DA:305,1
DA:307,1
DA:308,1
DA:310,1
DA:312,1
DA:313,1
DA:315,1
DA:317,1
DA:318,1
DA:322,1
DA:324,1
DA:325,1
DA:326,1
DA:328,1
DA:329,1
DA:330,1
DA:331,1
DA:332,1
DA:334,1
DA:335,1
DA:341,1
DA:343,1
DA:344,1
DA:346,1
DA:347,1
DA:348,1
DA:351,1
DA:354,1
DA:355,1
DA:357,1
DA:362,1
DA:363,1
DA:365,1
DA:366,1
DA:368,1
DA:369,1
DA:371,1
DA:376,1
DA:379,1
DA:380,1
DA:382,1
DA:385,1
DA:386,1
DA:388,1
DA:389,1
DA:390,1
DA:392,1
DA:394,1
DA:396,1
DA:397,1
DA:402,1
DA:404,1
DA:406,1
DA:407,1
DA:409,1
DA:410,1
DA:411,1
DA:412,1
DA:414,1
DA:415,1
DA:418,1
DA:421,1
DA:424,1
DA:425,1
DA:428,1
DA:429,1
DA:432,1
DA:434,1
DA:435,1
DA:437,1
DA:438,1
DA:440,1
LF:208
LH:208
FN:35,36,Stats.__post_init__
FNDA:1,Stats.__post_init__
FN:39,40,Stats._mean_positive_expr
FNDA:1,Stats._mean_positive_expr
FN:43,44,Stats._mean_negative_expr
FNDA:1,Stats._mean_negative_expr
FN:47,57,Stats.columnwise_stat
FNDA:1,Stats.columnwise_stat
FN:54,55,Stats.columnwise_stat.wrapper
FNDA:1,Stats.columnwise_stat.wrapper
FN:60,70,Stats.to_frame
FNDA:1,Stats.to_frame
FN:64,68,Stats.to_frame.wrapper
FNDA:1,Stats.to_frame.wrapper
FN:73,77,Stats.skew
FNDA:1,Stats.skew
FN:80,85,Stats.kurtosis
FNDA:1,Stats.kurtosis
FN:88,90,Stats.avg_return
FNDA:1,Stats.avg_return
FN:93,98,Stats.avg_win
FNDA:1,Stats.avg_win
FN:101,106,Stats.avg_loss
FNDA:1,Stats.avg_loss
FN:109,116,Stats.volatility
FNDA:1,Stats.volatility
FN:119,120,Stats.rolling_volatility
FNDA:1,Stats.rolling_volatility
FN:123,143,Stats.drawdown
FNDA:1,Stats.drawdown
FN:146,153,Stats.payoff_ratio
FNDA:1,Stats.payoff_ratio
FN:155,157,Stats.win_loss_ratio
FNDA:1,Stats.win_loss_ratio
FN:160,172,Stats.profit_ratio
FNDA:1,Stats.profit_ratio
FN:175,180,Stats.profit_factor
FNDA:1,Stats.profit_factor
FN:182,187,Stats.common_sense_ratio
FNDA:1,Stats.common_sense_ratio
FN:190,199,Stats.value_at_risk
FNDA:1,Stats.value_at_risk
FN:201,203,Stats.var
FNDA:1,Stats.var
FN:206,220,Stats.conditional_value_at_risk
FNDA:1,Stats.conditional_value_at_risk
FN:222,224,Stats.cvar
FNDA:1,Stats.cvar
FN:226,228,Stats.expected_shortfall
FNDA:1,Stats.expected_shortfall
FN:231,235,Stats.tail_ratio
FNDA:1,Stats.tail_ratio
FN:238,242,Stats.win_rate
FNDA:1,Stats.win_rate
FN:245,255,Stats.gain_to_pain_ratio
FNDA:1,Stats.gain_to_pain_ratio
FN:258,265,Stats.outlier_win_ratio
FNDA:1,Stats.outlier_win_ratio
FN:268,275,Stats.outlier_loss_ratio
FNDA:1,Stats.outlier_loss_ratio
FN:278,282,Stats.risk_return_ratio
FNDA:1,Stats.risk_return_ratio
FN:284,300,Stats.kelly_criterion
FNDA:1,Stats.kelly_criterion
FN:303,305,Stats.best
FNDA:1,Stats.best
FN:308,310,Stats.worst
FNDA:1,Stats.worst
FN:313,315,Stats.exposure
FNDA:1,Stats.exposure
FN:318,326,Stats.sharpe
FNDA:1,Stats.sharpe
FN:329,332,Stats.rolling_sharpe
FNDA:1,Stats.rolling_sharpe
FN:335,344,Stats.sortino
FNDA:1,Stats.sortino
FN:347,355,Stats.rolling_sortino
FNDA:1,Stats.rolling_sortino
FN:357,363,Stats.adjusted_sortino
FNDA:1,Stats.adjusted_sortino
FN:366,390,Stats.r_squared
FNDA:1,Stats.r_squared
FN:392,394,Stats.r2
FNDA:1,Stats.r2
FN:397,412,Stats.information_ratio
FNDA:1,Stats.information_ratio
FN:415,440,Stats.greeks
FNDA:1,Stats.greeks
FNF:44
FNH:44
end_of_record
SF:src/jquantstats/api.py
DA:31,1
DA:33,1
DA:35,1
DA:36,1
DA:39,1
DA:55,1
DA:57,1
DA:58,1
DA:60,1
DA:63,1
DA:64,1
DA:74,1
DA:75,1
DA:76,1
DA:77,1
DA:78,1
DA:79,1
DA:82,1
DA:83,1
DA:84,1
DA:86,1
DA:89,1
DA:90,1
DA:106,1
DA:107,1
DA:108,1
DA:110,1
DA:111,1
DA:118,1
DA:120,1
DA:121,1
DA:128,1
DA:130,1
DA:131,1
DA:139,1
DA:141,1
DA:142,1
DA:150,1
DA:151,1
DA:152,1
DA:153,1
DA:155,1
DA:168,1
DA:169,1
DA:180,1
DA:181,1
DA:183,1
DA:185,1
DA:197,1
DA:198,1
DA:200,1
DA:210,1
DA:211,1
DA:212,1
DA:214,1
DA:220,1
DA:227,1
DA:228,1
DA:229,1
DA:231,1
DA:233,1
DA:243,1
DA:245,1
DA:255,1
LF:64
LH:64
FN:39,86,build_data
FNDA:1,build_data
FN:55,71,build_data.subtract_risk_free
FNDA:1,build_data.subtract_risk_free
FN:111,118,_Data.plots
FNDA:1,_Data.plots
FN:121,128,_Data.stats
FNDA:1,_Data.stats
FN:131,139,_Data.date_col
FNDA:1,_Data.date_col
FN:142,153,_Data.assets
FNDA:1,_Data.assets
FN:155,166,_Data.__post_init__
FNDA:0,_Data.__post_init__
FN:169,183,_Data.all
FNDA:1,_Data.all
FN:185,218,_Data.resample
FNDA:1,_Data.resample
FN:197,208,_Data.resample.resample_frame
FNDA:1,_Data.resample.resample_frame
FN:220,231,_Data.copy
FNDA:1,_Data.copy
FN:233,243,_Data.head
FNDA:1,_Data.head
FN:245,255,_Data.tail
FNDA:1,_Data.tail
FNF:13
FNH:12
end_of_record
