{"meta": {"format": 3, "version": "7.8.0", "timestamp": "2025-05-07T07:56:28.840832", "branch_coverage": false, "show_contexts": false}, "files": {"src/jquantstats/__init__.py": {"executed_lines": [0], "summary": {"covered_lines": 0, "num_statements": 0, "percent_covered": 100.0, "percent_covered_display": "100", "missing_lines": 0, "excluded_lines": 0}, "missing_lines": [], "excluded_lines": [], "functions": {"": {"executed_lines": [], "summary": {"covered_lines": 0, "num_statements": 0, "percent_covered": 100.0, "percent_covered_display": "100", "missing_lines": 0, "excluded_lines": 0}, "missing_lines": [], "excluded_lines": []}}, "classes": {"": {"executed_lines": [], "summary": {"covered_lines": 0, "num_statements": 0, "percent_covered": 100.0, "percent_covered_display": "100", "missing_lines": 0, "excluded_lines": 0}, "missing_lines": [], "excluded_lines": []}}}, "src/jquantstats/api.py": {"executed_lines": [19, 27, 28, 29, 30, 31, 33, 34, 35, 36, 37, 40, 76, 89, 90, 93, 94, 97, 98, 100, 103, 104, 106, 109, 110, 115, 118, 119, 121, 124, 125, 126, 140, 141, 143, 144, 145, 147, 148, 149, 151, 158, 159, 161, 170, 173, 174, 177, 179, 180, 187, 189, 190, 197, 199, 211, 212, 214, 216, 230, 232, 234, 236, 237, 239, 241, 243, 254, 256, 263, 264, 265, 267, 269, 280, 281, 283, 293, 294, 296, 306, 307, 309, 322, 324, 326, 329, 331, 334, 335, 336, 337, 339, 340, 342, 347, 349, 354, 356, 358, 360, 365, 367, 372, 374, 376, 377, 378, 380, 381, 383, 385, 387, 389, 391, 393, 394, 395, 397, 402, 403, 404, 405, 406, 408, 410, 412, 414, 416, 418, 420, 421, 423, 424, 425, 427, 429, 431, 436, 438, 440, 442, 448, 449, 450, 451, 453, 457, 459, 461, 466, 467, 468, 470, 472, 474, 476, 478, 483, 485, 488, 489, 490, 491, 492, 494, 496, 502, 503, 519, 524, 526, 531, 539, 544, 550, 556, 557, 558, 560, 562, 568, 569, 571, 575, 577, 579, 581, 583, 585, 592, 594, 596, 598, 600, 603, 604, 605, 607, 609, 621, 622, 624, 625, 626, 628, 630, 631, 632, 633, 635, 646, 647, 649, 653, 655, 657, 658, 659, 661, 662, 666, 667, 668, 670, 676, 677, 679, 682, 683, 685, 686, 687, 689, 691, 693, 695, 700, 701, 703, 705, 711, 712, 713, 716, 717, 719, 727, 730, 731, 732, 734, 747, 748, 758, 759, 760, 761, 763, 764, 766, 768, 791, 794, 797, 798, 808, 823, 825, 827, 857, 860, 870, 871, 872, 884, 885, 897, 898, 910, 919, 920, 923, 924, 925, 927, 929, 968, 971, 974, 975, 978, 981, 982, 985, 988, 991, 992, 995, 996, 997, 1000, 1023, 1049, 1051, 1077, 1080, 1081, 1084, 1087, 1088, 1089, 1090, 1093, 1096, 1097, 1107, 1108, 1110, 1113, 1116, 1132], "summary": {"covered_lines": 320, "num_statements": 320, "percent_covered": 100.0, "percent_covered_display": "100", "missing_lines": 0, "excluded_lines": 0}, "missing_lines": [], "excluded_lines": [], "functions": {"build_data": {"executed_lines": [76, 103, 104, 106, 109, 110, 115, 118, 119, 121], "summary": {"covered_lines": 10, "num_statements": 10, "percent_covered": 100.0, "percent_covered_display": "100", "missing_lines": 0, "excluded_lines": 0}, "missing_lines": [], "excluded_lines": []}, "build_data._calculate_excess_returns": {"executed_lines": [89, 90, 93, 94, 97, 98, 100], "summary": {"covered_lines": 7, "num_statements": 7, "percent_covered": 100.0, "percent_covered_display": "100", "missing_lines": 0, "excluded_lines": 0}, "missing_lines": [], "excluded_lines": []}, "_Data.plots": {"executed_lines": [145], "summary": {"covered_lines": 1, "num_statements": 1, "percent_covered": 100.0, "percent_covered_display": "100", "missing_lines": 0, "excluded_lines": 0}, "missing_lines": [], "excluded_lines": []}, "_Data.stats": {"executed_lines": [149], "summary": {"covered_lines": 1, "num_statements": 1, "percent_covered": 100.0, "percent_covered_display": "100", "missing_lines": 0, "excluded_lines": 0}, "missing_lines": [], "excluded_lines": []}, "_Data.__post_init__": {"executed_lines": [158, 159], "summary": {"covered_lines": 2, "num_statements": 2, "percent_covered": 100.0, "percent_covered_display": "100", "missing_lines": 0, "excluded_lines": 0}, "missing_lines": [], "excluded_lines": []}, "_Data.all": {"executed_lines": [170, 173, 174, 177], "summary": {"covered_lines": 4, "num_statements": 4, "percent_covered": 100.0, "percent_covered_display": "100", "missing_lines": 0, "excluded_lines": 0}, "missing_lines": [], "excluded_lines": []}, "_Data.index": {"executed_lines": [187], "summary": {"covered_lines": 1, "num_statements": 1, "percent_covered": 100.0, "percent_covered_display": "100", "missing_lines": 0, "excluded_lines": 0}, "missing_lines": [], "excluded_lines": []}, "_Data.names": {"executed_lines": [197], "summary": {"covered_lines": 1, "num_statements": 1, "percent_covered": 100.0, "percent_covered_display": "100", "missing_lines": 0, "excluded_lines": 0}, "missing_lines": [], "excluded_lines": []}, "_Data.prices": {"executed_lines": [211, 212, 214], "summary": {"covered_lines": 3, "num_statements": 3, "percent_covered": 100.0, "percent_covered_display": "100", "missing_lines": 0, "excluded_lines": 0}, "missing_lines": [], "excluded_lines": []}, "_Data.resample": {"executed_lines": [230, 234, 236, 237, 239, 241], "summary": {"covered_lines": 6, "num_statements": 6, "percent_covered": 100.0, "percent_covered_display": "100", "missing_lines": 0, "excluded_lines": 0}, "missing_lines": [], "excluded_lines": []}, "_Data.resample.comp": {"executed_lines": [232], "summary": {"covered_lines": 1, "num_statements": 1, "percent_covered": 100.0, "percent_covered_display": "100", "missing_lines": 0, "excluded_lines": 0}, "missing_lines": [], "excluded_lines": []}, "_Data.apply": {"executed_lines": [254], "summary": {"covered_lines": 1, "num_statements": 1, "percent_covered": 100.0, "percent_covered_display": "100", "missing_lines": 0, "excluded_lines": 0}, "missing_lines": [], "excluded_lines": []}, "_Data.copy": {"executed_lines": [263, 264, 265, 267], "summary": {"covered_lines": 4, "num_statements": 4, "percent_covered": 100.0, "percent_covered_display": "100", "missing_lines": 0, "excluded_lines": 0}, "missing_lines": [], "excluded_lines": []}, "_Data.highwater_mark": {"executed_lines": [280, 281], "summary": {"covered_lines": 2, "num_statements": 2, "percent_covered": 100.0, "percent_covered_display": "100", "missing_lines": 0, "excluded_lines": 0}, "missing_lines": [], "excluded_lines": []}, "_Data.head": {"executed_lines": [293, 294], "summary": {"covered_lines": 2, "num_statements": 2, "percent_covered": 100.0, "percent_covered_display": "100", "missing_lines": 0, "excluded_lines": 0}, "missing_lines": [], "excluded_lines": []}, "_Data.tail": {"executed_lines": [306, 307], "summary": {"covered_lines": 2, "num_statements": 2, "percent_covered": 100.0, "percent_covered_display": "100", "missing_lines": 0, "excluded_lines": 0}, "missing_lines": [], "excluded_lines": []}, "_Data.drawdown": {"executed_lines": [322, 324, 326, 329, 331], "summary": {"covered_lines": 5, "num_statements": 5, "percent_covered": 100.0, "percent_covered_display": "100", "missing_lines": 0, "excluded_lines": 0}, "missing_lines": [], "excluded_lines": []}, "_Stats.__post_init__": {"executed_lines": [340], "summary": {"covered_lines": 1, "num_statements": 1, "percent_covered": 100.0, "percent_covered_display": "100", "missing_lines": 0, "excluded_lines": 0}, "missing_lines": [], "excluded_lines": []}, "_Stats.skew": {"executed_lines": [347], "summary": {"covered_lines": 1, "num_statements": 1, "percent_covered": 100.0, "percent_covered_display": "100", "missing_lines": 0, "excluded_lines": 0}, "missing_lines": [], "excluded_lines": []}, "_Stats.kurtosis": {"executed_lines": [354], "summary": {"covered_lines": 1, "num_statements": 1, "percent_covered": 100.0, "percent_covered_display": "100", "missing_lines": 0, "excluded_lines": 0}, "missing_lines": [], "excluded_lines": []}, "_Stats.avg_return": {"executed_lines": [358], "summary": {"covered_lines": 1, "num_statements": 1, "percent_covered": 100.0, "percent_covered_display": "100", "missing_lines": 0, "excluded_lines": 0}, "missing_lines": [], "excluded_lines": []}, "_Stats.avg_win": {"executed_lines": [365], "summary": {"covered_lines": 1, "num_statements": 1, "percent_covered": 100.0, "percent_covered_display": "100", "missing_lines": 0, "excluded_lines": 0}, "missing_lines": [], "excluded_lines": []}, "_Stats.avg_loss": {"executed_lines": [372], "summary": {"covered_lines": 1, "num_statements": 1, "percent_covered": 100.0, "percent_covered_display": "100", "missing_lines": 0, "excluded_lines": 0}, "missing_lines": [], "excluded_lines": []}, "_Stats.volatility": {"executed_lines": [376, 377, 378], "summary": {"covered_lines": 3, "num_statements": 3, "percent_covered": 100.0, "percent_covered_display": "100", "missing_lines": 0, "excluded_lines": 0}, "missing_lines": [], "excluded_lines": []}, "_Stats.rolling_volatility": {"executed_lines": [381], "summary": {"covered_lines": 1, "num_statements": 1, "percent_covered": 100.0, "percent_covered_display": "100", "missing_lines": 0, "excluded_lines": 0}, "missing_lines": [], "excluded_lines": []}, "_Stats.log_returns": {"executed_lines": [385], "summary": {"covered_lines": 1, "num_statements": 1, "percent_covered": 100.0, "percent_covered_display": "100", "missing_lines": 0, "excluded_lines": 0}, "missing_lines": [], "excluded_lines": []}, "_Stats.to_log_returns": {"executed_lines": [389], "summary": {"covered_lines": 1, "num_statements": 1, "percent_covered": 100.0, "percent_covered_display": "100", "missing_lines": 0, "excluded_lines": 0}, "missing_lines": [], "excluded_lines": []}, "_Stats.implied_volatility": {"executed_lines": [393, 394, 395], "summary": {"covered_lines": 3, "num_statements": 3, "percent_covered": 100.0, "percent_covered_display": "100", "missing_lines": 0, "excluded_lines": 0}, "missing_lines": [], "excluded_lines": []}, "_Stats.autocorr_penalty": {"executed_lines": [402, 408], "summary": {"covered_lines": 2, "num_statements": 2, "percent_covered": 100.0, "percent_covered_display": "100", "missing_lines": 0, "excluded_lines": 0}, "missing_lines": [], "excluded_lines": []}, "_Stats.autocorr_penalty.f": {"executed_lines": [403, 404, 405, 406], "summary": {"covered_lines": 4, "num_statements": 4, "percent_covered": 100.0, "percent_covered_display": "100", "missing_lines": 0, "excluded_lines": 0}, "missing_lines": [], "excluded_lines": []}, "_Stats.payoff_ratio": {"executed_lines": [412], "summary": {"covered_lines": 1, "num_statements": 1, "percent_covered": 100.0, "percent_covered_display": "100", "missing_lines": 0, "excluded_lines": 0}, "missing_lines": [], "excluded_lines": []}, "_Stats.win_loss_ratio": {"executed_lines": [416], "summary": {"covered_lines": 1, "num_statements": 1, "percent_covered": 100.0, "percent_covered_display": "100", "missing_lines": 0, "excluded_lines": 0}, "missing_lines": [], "excluded_lines": []}, "_Stats.profit_ratio": {"executed_lines": [420, 421, 423, 424, 425], "summary": {"covered_lines": 5, "num_statements": 5, "percent_covered": 100.0, "percent_covered_display": "100", "missing_lines": 0, "excluded_lines": 0}, "missing_lines": [], "excluded_lines": []}, "_Stats.profit_factor": {"executed_lines": [429], "summary": {"covered_lines": 1, "num_statements": 1, "percent_covered": 100.0, "percent_covered_display": "100", "missing_lines": 0, "excluded_lines": 0}, "missing_lines": [], "excluded_lines": []}, "_Stats.cpc_index": {"executed_lines": [436], "summary": {"covered_lines": 1, "num_statements": 1, "percent_covered": 100.0, "percent_covered_display": "100", "missing_lines": 0, "excluded_lines": 0}, "missing_lines": [], "excluded_lines": []}, "_Stats.common_sense_ratio": {"executed_lines": [440], "summary": {"covered_lines": 1, "num_statements": 1, "percent_covered": 100.0, "percent_covered_display": "100", "missing_lines": 0, "excluded_lines": 0}, "missing_lines": [], "excluded_lines": []}, "_Stats.value_at_risk": {"executed_lines": [448, 453], "summary": {"covered_lines": 2, "num_statements": 2, "percent_covered": 100.0, "percent_covered_display": "100", "missing_lines": 0, "excluded_lines": 0}, "missing_lines": [], "excluded_lines": []}, "_Stats.value_at_risk.f": {"executed_lines": [449, 450, 451], "summary": {"covered_lines": 3, "num_statements": 3, "percent_covered": 100.0, "percent_covered_display": "100", "missing_lines": 0, "excluded_lines": 0}, "missing_lines": [], "excluded_lines": []}, "_Stats.var": {"executed_lines": [459], "summary": {"covered_lines": 1, "num_statements": 1, "percent_covered": 100.0, "percent_covered_display": "100", "missing_lines": 0, "excluded_lines": 0}, "missing_lines": [], "excluded_lines": []}, "_Stats.conditional_value_at_risk": {"executed_lines": [466, 467, 468], "summary": {"covered_lines": 3, "num_statements": 3, "percent_covered": 100.0, "percent_covered_display": "100", "missing_lines": 0, "excluded_lines": 0}, "missing_lines": [], "excluded_lines": []}, "_Stats.cvar": {"executed_lines": [472], "summary": {"covered_lines": 1, "num_statements": 1, "percent_covered": 100.0, "percent_covered_display": "100", "missing_lines": 0, "excluded_lines": 0}, "missing_lines": [], "excluded_lines": []}, "_Stats.expected_shortfall": {"executed_lines": [476], "summary": {"covered_lines": 1, "num_statements": 1, "percent_covered": 100.0, "percent_covered_display": "100", "missing_lines": 0, "excluded_lines": 0}, "missing_lines": [], "excluded_lines": []}, "_Stats.tail_ratio": {"executed_lines": [483], "summary": {"covered_lines": 1, "num_statements": 1, "percent_covered": 100.0, "percent_covered_display": "100", "missing_lines": 0, "excluded_lines": 0}, "missing_lines": [], "excluded_lines": []}, "_Stats.win_rate": {"executed_lines": [488, 494], "summary": {"covered_lines": 2, "num_statements": 2, "percent_covered": 100.0, "percent_covered_display": "100", "missing_lines": 0, "excluded_lines": 0}, "missing_lines": [], "excluded_lines": []}, "_Stats.win_rate._win_rate": {"executed_lines": [489, 490, 491, 492], "summary": {"covered_lines": 4, "num_statements": 4, "percent_covered": 100.0, "percent_covered_display": "100", "missing_lines": 0, "excluded_lines": 0}, "missing_lines": [], "excluded_lines": []}, "_Stats.gain_to_pain_ratio": {"executed_lines": [502, 503], "summary": {"covered_lines": 2, "num_statements": 2, "percent_covered": 100.0, "percent_covered_display": "100", "missing_lines": 0, "excluded_lines": 0}, "missing_lines": [], "excluded_lines": []}, "_Stats.outlier_win_ratio": {"executed_lines": [524], "summary": {"covered_lines": 1, "num_statements": 1, "percent_covered": 100.0, "percent_covered_display": "100", "missing_lines": 0, "excluded_lines": 0}, "missing_lines": [], "excluded_lines": []}, "_Stats.outlier_loss_ratio": {"executed_lines": [531], "summary": {"covered_lines": 1, "num_statements": 1, "percent_covered": 100.0, "percent_covered_display": "100", "missing_lines": 0, "excluded_lines": 0}, "missing_lines": [], "excluded_lines": []}, "_Stats.risk_return_ratio": {"executed_lines": [544], "summary": {"covered_lines": 1, "num_statements": 1, "percent_covered": 100.0, "percent_covered_display": "100", "missing_lines": 0, "excluded_lines": 0}, "missing_lines": [], "excluded_lines": []}, "_Stats.kelly_criterion": {"executed_lines": [556, 557, 558, 560], "summary": {"covered_lines": 4, "num_statements": 4, "percent_covered": 100.0, "percent_covered_display": "100", "missing_lines": 0, "excluded_lines": 0}, "missing_lines": [], "excluded_lines": []}, "_Stats.expected_return": {"executed_lines": [568, 571], "summary": {"covered_lines": 2, "num_statements": 2, "percent_covered": 100.0, "percent_covered_display": "100", "missing_lines": 0, "excluded_lines": 0}, "missing_lines": [], "excluded_lines": []}, "_Stats.expected_return.f": {"executed_lines": [569], "summary": {"covered_lines": 1, "num_statements": 1, "percent_covered": 100.0, "percent_covered_display": "100", "missing_lines": 0, "excluded_lines": 0}, "missing_lines": [], "excluded_lines": []}, "_Stats.geometric_mean": {"executed_lines": [577], "summary": {"covered_lines": 1, "num_statements": 1, "percent_covered": 100.0, "percent_covered_display": "100", "missing_lines": 0, "excluded_lines": 0}, "missing_lines": [], "excluded_lines": []}, "_Stats.ghpr": {"executed_lines": [581], "summary": {"covered_lines": 1, "num_statements": 1, "percent_covered": 100.0, "percent_covered_display": "100", "missing_lines": 0, "excluded_lines": 0}, "missing_lines": [], "excluded_lines": []}, "_Stats.outliers": {"executed_lines": [585], "summary": {"covered_lines": 1, "num_statements": 1, "percent_covered": 100.0, "percent_covered_display": "100", "missing_lines": 0, "excluded_lines": 0}, "missing_lines": [], "excluded_lines": []}, "_Stats.best": {"executed_lines": [594], "summary": {"covered_lines": 1, "num_statements": 1, "percent_covered": 100.0, "percent_covered_display": "100", "missing_lines": 0, "excluded_lines": 0}, "missing_lines": [], "excluded_lines": []}, "_Stats.worst": {"executed_lines": [598], "summary": {"covered_lines": 1, "num_statements": 1, "percent_covered": 100.0, "percent_covered_display": "100", "missing_lines": 0, "excluded_lines": 0}, "missing_lines": [], "excluded_lines": []}, "_Stats.exposure": {"executed_lines": [603, 607], "summary": {"covered_lines": 2, "num_statements": 2, "percent_covered": 100.0, "percent_covered_display": "100", "missing_lines": 0, "excluded_lines": 0}, "missing_lines": [], "excluded_lines": []}, "_Stats.exposure._exposure": {"executed_lines": [604, 605], "summary": {"covered_lines": 2, "num_statements": 2, "percent_covered": 100.0, "percent_covered_display": "100", "missing_lines": 0, "excluded_lines": 0}, "missing_lines": [], "excluded_lines": []}, "_Stats.sharpe": {"executed_lines": [621, 622, 624, 625, 626, 628], "summary": {"covered_lines": 6, "num_statements": 6, "percent_covered": 100.0, "percent_covered_display": "100", "missing_lines": 0, "excluded_lines": 0}, "missing_lines": [], "excluded_lines": []}, "_Stats.rolling_sharpe": {"executed_lines": [631, 632, 633], "summary": {"covered_lines": 3, "num_statements": 3, "percent_covered": 100.0, "percent_covered_display": "100", "missing_lines": 0, "excluded_lines": 0}, "missing_lines": [], "excluded_lines": []}, "_Stats.sortino": {"executed_lines": [646, 649, 653, 655, 657, 658, 659], "summary": {"covered_lines": 7, "num_statements": 7, "percent_covered": 100.0, "percent_covered_display": "100", "missing_lines": 0, "excluded_lines": 0}, "missing_lines": [], "excluded_lines": []}, "_Stats.sortino.f": {"executed_lines": [647], "summary": {"covered_lines": 1, "num_statements": 1, "percent_covered": 100.0, "percent_covered_display": "100", "missing_lines": 0, "excluded_lines": 0}, "missing_lines": [], "excluded_lines": []}, "_Stats.rolling_sortino": {"executed_lines": [662, 666, 667, 668], "summary": {"covered_lines": 4, "num_statements": 4, "percent_covered": 100.0, "percent_covered_display": "100", "missing_lines": 0, "excluded_lines": 0}, "missing_lines": [], "excluded_lines": []}, "_Stats.adjusted_sortino": {"executed_lines": [676, 677], "summary": {"covered_lines": 2, "num_statements": 2, "percent_covered": 100.0, "percent_covered_display": "100", "missing_lines": 0, "excluded_lines": 0}, "missing_lines": [], "excluded_lines": []}, "_Stats.r_squared": {"executed_lines": [682, 683, 685, 689], "summary": {"covered_lines": 4, "num_statements": 4, "percent_covered": 100.0, "percent_covered_display": "100", "missing_lines": 0, "excluded_lines": 0}, "missing_lines": [], "excluded_lines": []}, "_Stats.r_squared.f": {"executed_lines": [686, 687], "summary": {"covered_lines": 2, "num_statements": 2, "percent_covered": 100.0, "percent_covered_display": "100", "missing_lines": 0, "excluded_lines": 0}, "missing_lines": [], "excluded_lines": []}, "_Stats.r2": {"executed_lines": [693], "summary": {"covered_lines": 1, "num_statements": 1, "percent_covered": 100.0, "percent_covered_display": "100", "missing_lines": 0, "excluded_lines": 0}, "missing_lines": [], "excluded_lines": []}, "_Stats.information_ratio": {"executed_lines": [700, 701, 703], "summary": {"covered_lines": 3, "num_statements": 3, "percent_covered": 100.0, "percent_covered_display": "100", "missing_lines": 0, "excluded_lines": 0}, "missing_lines": [], "excluded_lines": []}, "_Stats.greeks": {"executed_lines": [711, 727], "summary": {"covered_lines": 2, "num_statements": 2, "percent_covered": 100.0, "percent_covered_display": "100", "missing_lines": 0, "excluded_lines": 0}, "missing_lines": [], "excluded_lines": []}, "_Stats.greeks.f": {"executed_lines": [712, 713, 716, 717, 719], "summary": {"covered_lines": 5, "num_statements": 5, "percent_covered": 100.0, "percent_covered_display": "100", "missing_lines": 0, "excluded_lines": 0}, "missing_lines": [], "excluded_lines": []}, "_Plots._get_colors": {"executed_lines": [758, 759, 760, 761], "summary": {"covered_lines": 4, "num_statements": 4, "percent_covered": 100.0, "percent_covered_display": "100", "missing_lines": 0, "excluded_lines": 0}, "missing_lines": [], "excluded_lines": []}, "_Plots._compsum": {"executed_lines": [766], "summary": {"covered_lines": 1, "num_statements": 1, "percent_covered": 100.0, "percent_covered_display": "100", "missing_lines": 0, "excluded_lines": 0}, "missing_lines": [], "excluded_lines": []}, "_Plots.plot_returns_bars": {"executed_lines": [791, 794, 797, 798, 808, 823, 825], "summary": {"covered_lines": 7, "num_statements": 7, "percent_covered": 100.0, "percent_covered_display": "100", "missing_lines": 0, "excluded_lines": 0}, "missing_lines": [], "excluded_lines": []}, "_Plots.plot_snapshot": {"executed_lines": [857, 860, 870, 871, 872, 884, 885, 897, 898, 910, 919, 920, 923, 924, 925, 927], "summary": {"covered_lines": 16, "num_statements": 16, "percent_covered": 100.0, "percent_covered_display": "100", "missing_lines": 0, "excluded_lines": 0}, "missing_lines": [], "excluded_lines": []}, "_Plots.monthly_heatmap": {"executed_lines": [968, 971, 974, 975, 978, 981, 982, 985, 988, 991, 992, 995, 996, 997, 1000, 1023, 1049], "summary": {"covered_lines": 17, "num_statements": 17, "percent_covered": 100.0, "percent_covered_display": "100", "missing_lines": 0, "excluded_lines": 0}, "missing_lines": [], "excluded_lines": []}, "_Plots.plot_distribution": {"executed_lines": [1077, 1080, 1081, 1084, 1087, 1088, 1089, 1090, 1093, 1096, 1097, 1107, 1108, 1110, 1113, 1116, 1132], "summary": {"covered_lines": 17, "num_statements": 17, "percent_covered": 100.0, "percent_covered_display": "100", "missing_lines": 0, "excluded_lines": 0}, "missing_lines": [], "excluded_lines": []}, "": {"executed_lines": [19, 27, 28, 29, 30, 31, 33, 34, 35, 36, 37, 40, 124, 125, 126, 140, 141, 143, 144, 147, 148, 151, 161, 179, 180, 189, 190, 199, 216, 243, 256, 269, 283, 296, 309, 334, 335, 336, 337, 339, 342, 349, 356, 360, 367, 374, 380, 383, 387, 391, 397, 410, 414, 418, 427, 431, 438, 442, 457, 461, 470, 474, 478, 485, 496, 519, 526, 539, 550, 562, 575, 579, 583, 592, 596, 600, 609, 630, 635, 661, 670, 679, 691, 695, 705, 730, 731, 732, 734, 747, 748, 763, 764, 768, 827, 929, 1051], "summary": {"covered_lines": 95, "num_statements": 95, "percent_covered": 100.0, "percent_covered_display": "100", "missing_lines": 0, "excluded_lines": 0}, "missing_lines": [], "excluded_lines": []}}, "classes": {"_Data": {"executed_lines": [145, 149, 158, 159, 170, 173, 174, 177, 187, 197, 211, 212, 214, 230, 232, 234, 236, 237, 239, 241, 254, 263, 264, 265, 267, 280, 281, 293, 294, 306, 307, 322, 324, 326, 329, 331], "summary": {"covered_lines": 36, "num_statements": 36, "percent_covered": 100.0, "percent_covered_display": "100", "missing_lines": 0, "excluded_lines": 0}, "missing_lines": [], "excluded_lines": []}, "_Stats": {"executed_lines": [340, 347, 354, 358, 365, 372, 376, 377, 378, 381, 385, 389, 393, 394, 395, 402, 403, 404, 405, 406, 408, 412, 416, 420, 421, 423, 424, 425, 429, 436, 440, 448, 449, 450, 451, 453, 459, 466, 467, 468, 472, 476, 483, 488, 489, 490, 491, 492, 494, 502, 503, 524, 531, 544, 556, 557, 558, 560, 568, 569, 571, 577, 581, 585, 594, 598, 603, 604, 605, 607, 621, 622, 624, 625, 626, 628, 631, 632, 633, 646, 647, 649, 653, 655, 657, 658, 659, 662, 666, 667, 668, 676, 677, 682, 683, 685, 686, 687, 689, 693, 700, 701, 703, 711, 712, 713, 716, 717, 719, 727], "summary": {"covered_lines": 110, "num_statements": 110, "percent_covered": 100.0, "percent_covered_display": "100", "missing_lines": 0, "excluded_lines": 0}, "missing_lines": [], "excluded_lines": []}, "_Plots": {"executed_lines": [758, 759, 760, 761, 766, 791, 794, 797, 798, 808, 823, 825, 857, 860, 870, 871, 872, 884, 885, 897, 898, 910, 919, 920, 923, 924, 925, 927, 968, 971, 974, 975, 978, 981, 982, 985, 988, 991, 992, 995, 996, 997, 1000, 1023, 1049, 1077, 1080, 1081, 1084, 1087, 1088, 1089, 1090, 1093, 1096, 1097, 1107, 1108, 1110, 1113, 1116, 1132], "summary": {"covered_lines": 62, "num_statements": 62, "percent_covered": 100.0, "percent_covered_display": "100", "missing_lines": 0, "excluded_lines": 0}, "missing_lines": [], "excluded_lines": []}, "": {"executed_lines": [19, 27, 28, 29, 30, 31, 33, 34, 35, 36, 37, 40, 76, 89, 90, 93, 94, 97, 98, 100, 103, 104, 106, 109, 110, 115, 118, 119, 121, 124, 125, 126, 140, 141, 143, 144, 147, 148, 151, 161, 179, 180, 189, 190, 199, 216, 243, 256, 269, 283, 296, 309, 334, 335, 336, 337, 339, 342, 349, 356, 360, 367, 374, 380, 383, 387, 391, 397, 410, 414, 418, 427, 431, 438, 442, 457, 461, 470, 474, 478, 485, 496, 519, 526, 539, 550, 562, 575, 579, 583, 592, 596, 600, 609, 630, 635, 661, 670, 679, 691, 695, 705, 730, 731, 732, 734, 747, 748, 763, 764, 768, 827, 929, 1051], "summary": {"covered_lines": 112, "num_statements": 112, "percent_covered": 100.0, "percent_covered_display": "100", "missing_lines": 0, "excluded_lines": 0}, "missing_lines": [], "excluded_lines": []}}}}, "totals": {"covered_lines": 320, "num_statements": 320, "percent_covered": 100.0, "percent_covered_display": "100", "missing_lines": 0, "excluded_lines": 0}}