SF:src/jquantstats/__init__.py
end_of_record
SF:src/jquantstats/_data.py
DA:1,1
DA:2,1
DA:4,1
DA:5,1
DA:7,1
DA:8,1
DA:11,1
DA:12,1
DA:28,1
DA:29,1
DA:30,1
DA:32,1
DA:34,1
DA:35,1
DA:36,1
DA:39,1
DA:40,1
DA:41,1
DA:44,1
DA:45,1
DA:48,1
DA:49,1
DA:51,1
DA:52,1
DA:59,1
DA:61,1
DA:62,1
DA:69,1
DA:71,1
DA:72,1
DA:80,1
DA:82,1
DA:83,1
DA:91,1
DA:92,1
DA:93,1
DA:94,1
DA:96,1
DA:97,1
DA:108,1
DA:109,1
DA:111,1
DA:113,1
DA:114,1
DA:115,1
DA:117,1
DA:118,1
DA:119,1
DA:120,1
DA:122,1
DA:123,1
DA:124,1
DA:125,1
DA:127,1
DA:128,1
DA:130,1
DA:142,1
DA:143,1
DA:145,1
DA:155,1
DA:156,1
DA:157,1
DA:159,1
DA:165,1
DA:172,1
DA:173,1
DA:174,1
DA:176,1
DA:178,1
DA:188,1
DA:190,1
DA:200,1
DA:202,1
DA:203,1
DA:209,1
DA:212,1
DA:215,1
DA:218,1
DA:221,1
DA:223,1
DA:224,1
DA:226,1
DA:227,1
DA:228,1
LF:84
LH:84
FN:32,49,Data.__post_init__
FNDA:1,Data.__post_init__
FN:52,59,Data.plots
FNDA:1,Data.plots
FN:62,69,Data.stats
FNDA:1,Data.stats
FN:72,80,Data.date_col
FNDA:1,Data.date_col
FN:83,94,Data.assets
FNDA:1,Data.assets
FN:97,111,Data.all
FNDA:1,Data.all
FN:114,115,Data.all_pd
FNDA:1,Data.all_pd
FN:118,120,Data.returns_pd
FNDA:1,Data.returns_pd
FN:123,128,Data.benchmark_pd
FNDA:1,Data.benchmark_pd
FN:130,163,Data.resample
FNDA:1,Data.resample
FN:142,153,Data.resample.resample_frame
FNDA:1,Data.resample.resample_frame
FN:165,176,Data.copy
FNDA:1,Data.copy
FN:178,188,Data.head
FNDA:1,Data.head
FN:190,200,Data.tail
FNDA:1,Data.tail
FN:203,224,Data._periods_per_year
FNDA:1,Data._periods_per_year
FN:226,228,Data.items
FNDA:1,Data.items
FNF:16
FNH:16
end_of_record
SF:src/jquantstats/_plots.py
DA:1,1
DA:2,1
DA:4,1
DA:5,1
DA:6,1
DA:7,1
DA:10,1
DA:11,1
DA:29,1
DA:31,1
DA:44,1
DA:45,1
DA:55,1
DA:56,1
DA:57,1
DA:58,1
DA:60,1
DA:80,1
DA:83,1
DA:86,1
DA:87,1
DA:97,1
DA:112,1
DA:114,1
DA:116,1
DA:147,1
DA:150,1
DA:160,1
DA:161,1
DA:162,1
DA:174,1
DA:175,1
DA:187,1
DA:188,1
DA:200,1
DA:209,1
DA:210,1
DA:213,1
DA:214,1
DA:215,1
DA:217,1
DA:219,1
DA:253,1
DA:254,1
DA:257,1
DA:260,1
DA:267,1
DA:275,1
DA:276,1
DA:279,1
DA:280,1
DA:283,1
DA:284,1
DA:285,1
DA:287,1
DA:288,1
DA:290,1
DA:312,1
DA:338,1
LF:59
LH:59
FN:45,58,Plots._get_colors
FNDA:1,Plots._get_colors
FN:60,114,Plots.plot_returns_bars
FNDA:1,Plots.plot_returns_bars
FN:116,217,Plots.plot_snapshot
FNDA:1,Plots.plot_snapshot
FN:219,338,Plots.monthly_heatmap
FNDA:1,Plots.monthly_heatmap
FNF:4
FNH:4
end_of_record
SF:src/jquantstats/_stats.py
DA:1,1
DA:2,1
DA:3,1
DA:5,1
DA:6,1
DA:7,1
DA:10,1
DA:11,1
DA:33,1
DA:34,1
DA:36,1
DA:37,1
DA:39,1
DA:40,1
DA:41,1
DA:43,1
DA:44,1
DA:45,1
DA:47,1
DA:48,1
DA:60,1
DA:61,1
DA:62,1
DA:64,1
DA:66,1
DA:67,1
DA:78,1
DA:79,1
DA:80,1
DA:85,1
DA:87,1
DA:88,1
DA:98,1
DA:100,1
DA:101,1
DA:112,1
DA:114,1
DA:115,1
DA:125,1
DA:127,1
DA:128,1
DA:138,1
DA:140,1
DA:141,1
DA:151,1
DA:153,1
DA:154,1
DA:168,1
DA:169,1
DA:171,1
DA:172,1
DA:173,1
DA:175,1
DA:176,1
DA:188,1
DA:190,1
DA:193,1
DA:196,1
DA:198,1
DA:199,1
DA:209,1
DA:211,1
DA:212,1
DA:214,1
DA:221,1
DA:223,1
DA:224,1
DA:234,1
DA:235,1
DA:237,1
DA:238,1
DA:239,1
DA:241,1
DA:243,1
DA:244,1
DA:246,1
DA:247,1
DA:257,1
DA:258,1
DA:260,1
DA:262,1
DA:269,0
DA:270,0
DA:272,0
DA:274,1
DA:275,1
DA:287,1
DA:288,1
DA:290,1
DA:292,1
DA:293,1
DA:305,1
DA:306,1
DA:308,1
DA:311,1
DA:313,1
DA:314,1
DA:324,1
DA:325,1
DA:326,1
DA:328,1
DA:329,1
DA:340,1
DA:341,1
DA:342,1
DA:343,1
DA:344,1
DA:345,1
DA:347,1
DA:348,1
DA:358,1
DA:360,1
DA:372,1
DA:373,1
DA:375,1
DA:381,1
DA:382,1
DA:392,1
DA:394,1
DA:395,1
DA:405,1
DA:407,1
DA:408,1
DA:418,1
DA:420,1
DA:421,1
DA:432,1
DA:434,1
DA:435,1
DA:436,1
DA:438,1
DA:439,1
DA:451,1
DA:452,1
DA:453,1
DA:455,1
DA:456,1
DA:469,1
DA:470,1
DA:471,1
DA:473,1
DA:474,1
DA:486,1
DA:489,1
DA:492,1
DA:493,1
DA:495,1
DA:506,1
DA:507,1
DA:509,1
DA:510,1
DA:524,1
DA:525,1
DA:527,1
DA:532,1
DA:535,1
DA:536,1
DA:538,1
DA:541,1
DA:542,1
DA:544,1
DA:545,1
DA:546,1
DA:548,1
DA:555,1
DA:557,1
DA:558,1
DA:571,1
DA:573,1
DA:575,1
DA:576,1
DA:578,1
DA:579,1
DA:580,1
DA:581,1
DA:583,1
DA:584,1
DA:597,1
DA:600,1
DA:603,1
DA:604,1
DA:607,1
DA:608,1
DA:611,1
DA:613,1
DA:614,1
DA:616,1
DA:617,1
DA:619,1
LF:189
LH:186
FN:36,37,Stats.__post_init__
FNDA:1,Stats.__post_init__
FN:40,41,Stats._mean_positive_expr
FNDA:1,Stats._mean_positive_expr
FN:44,45,Stats._mean_negative_expr
FNDA:1,Stats._mean_negative_expr
FN:48,64,Stats.columnwise_stat
FNDA:1,Stats.columnwise_stat
FN:61,62,Stats.columnwise_stat.wrapper
FNDA:1,Stats.columnwise_stat.wrapper
FN:67,85,Stats.to_frame
FNDA:1,Stats.to_frame
FN:79,83,Stats.to_frame.wrapper
FNDA:1,Stats.to_frame.wrapper
FN:88,98,Stats.skew
FNDA:1,Stats.skew
FN:101,112,Stats.kurtosis
FNDA:1,Stats.kurtosis
FN:115,125,Stats.avg_return
FNDA:1,Stats.avg_return
FN:128,138,Stats.avg_win
FNDA:1,Stats.avg_win
FN:141,151,Stats.avg_loss
FNDA:1,Stats.avg_loss
FN:154,169,Stats.volatility
FNDA:1,Stats.volatility
FN:172,173,Stats.rolling_volatility
FNDA:1,Stats.rolling_volatility
FN:176,196,Stats.drawdown
FNDA:1,Stats.drawdown
FN:199,212,Stats.payoff_ratio
FNDA:1,Stats.payoff_ratio
FN:214,221,Stats.win_loss_ratio
FNDA:1,Stats.win_loss_ratio
FN:224,244,Stats.profit_ratio
FNDA:1,Stats.profit_ratio
FN:247,260,Stats.profit_factor
FNDA:1,Stats.profit_factor
FN:262,272,Stats.common_sense_ratio
FNDA:0,Stats.common_sense_ratio
FN:275,290,Stats.value_at_risk
FNDA:1,Stats.value_at_risk
FN:293,311,Stats.conditional_value_at_risk
FNDA:1,Stats.conditional_value_at_risk
FN:314,326,Stats.win_rate
FNDA:1,Stats.win_rate
FN:329,345,Stats.gain_to_pain_ratio
FNDA:1,Stats.gain_to_pain_ratio
FN:348,358,Stats.risk_return_ratio
FNDA:1,Stats.risk_return_ratio
FN:360,379,Stats.kelly_criterion
FNDA:1,Stats.kelly_criterion
FN:382,392,Stats.best
FNDA:1,Stats.best
FN:395,405,Stats.worst
FNDA:1,Stats.worst
FN:408,418,Stats.exposure
FNDA:1,Stats.exposure
FN:421,436,Stats.sharpe
FNDA:1,Stats.sharpe
FN:439,453,Stats.rolling_sharpe
FNDA:1,Stats.rolling_sharpe
FN:456,471,Stats.sortino
FNDA:1,Stats.sortino
FN:474,493,Stats.rolling_sortino
FNDA:1,Stats.rolling_sortino
FN:495,507,Stats.adjusted_sortino
FNDA:1,Stats.adjusted_sortino
FN:510,546,Stats.r_squared
FNDA:1,Stats.r_squared
FN:548,555,Stats.r2
FNDA:1,Stats.r2
FN:558,581,Stats.information_ratio
FNDA:1,Stats.information_ratio
FN:584,619,Stats.greeks
FNDA:1,Stats.greeks
FNF:38
FNH:37
end_of_record
SF:src/jquantstats/api.py
DA:31,1
DA:32,1
DA:34,1
DA:37,1
DA:56,1
DA:58,1
DA:59,1
DA:61,1
DA:64,1
DA:65,1
DA:74,1
DA:75,1
DA:77,1
DA:78,1
DA:81,1
DA:82,1
DA:83,1
DA:84,1
DA:85,1
DA:86,1
DA:89,1
DA:90,1
DA:91,1
DA:93,1
LF:24
LH:24
FN:37,93,build_data
FNDA:1,build_data
FN:56,72,build_data.subtract_risk_free
FNDA:1,build_data.subtract_risk_free
FNF:2
FNH:2
end_of_record
