{"meta": {"format": 3, "version": "7.8.0", "timestamp": "2025-05-13T14:16:11.784889", "branch_coverage": false, "show_contexts": false}, "files": {"src/jquantstats/__init__.py": {"executed_lines": [0], "summary": {"covered_lines": 0, "num_statements": 0, "percent_covered": 100.0, "percent_covered_display": "100", "missing_lines": 0, "excluded_lines": 0}, "missing_lines": [], "excluded_lines": [], "functions": {"": {"executed_lines": [], "summary": {"covered_lines": 0, "num_statements": 0, "percent_covered": 100.0, "percent_covered_display": "100", "missing_lines": 0, "excluded_lines": 0}, "missing_lines": [], "excluded_lines": []}}, "classes": {"": {"executed_lines": [], "summary": {"covered_lines": 0, "num_statements": 0, "percent_covered": 100.0, "percent_covered_display": "100", "missing_lines": 0, "excluded_lines": 0}, "missing_lines": [], "excluded_lines": []}}}, "src/jquantstats/_data.py": {"executed_lines": [1, 2, 4, 5, 7, 8, 9, 12, 13, 14, 29, 30, 31, 33, 35, 36, 37, 40, 41, 42, 45, 46, 49, 50, 52, 53, 60, 62, 63, 70, 72, 73, 74, 76, 77, 85, 87, 88, 96, 97, 98, 99, 101, 102, 113, 114, 116, 118, 119, 120, 122, 123, 124, 125, 127, 128, 129, 130, 132, 133, 135, 147, 148, 150, 160, 161, 162, 164, 170, 177, 178, 179, 181, 183, 193, 195, 205, 207, 208, 214, 217, 220, 223, 226, 228, 229, 231, 232, 233], "summary": {"covered_lines": 88, "num_statements": 88, "percent_covered": 100.0, "percent_covered_display": "100", "missing_lines": 0, "excluded_lines": 0}, "missing_lines": [], "excluded_lines": [], "functions": {"Data.__post_init__": {"executed_lines": [35, 36, 37, 40, 41, 42, 45, 46, 49, 50], "summary": {"covered_lines": 10, "num_statements": 10, "percent_covered": 100.0, "percent_covered_display": "100", "missing_lines": 0, "excluded_lines": 0}, "missing_lines": [], "excluded_lines": []}, "Data.plots": {"executed_lines": [60], "summary": {"covered_lines": 1, "num_statements": 1, "percent_covered": 100.0, "percent_covered_display": "100", "missing_lines": 0, "excluded_lines": 0}, "missing_lines": [], "excluded_lines": []}, "Data.stats": {"executed_lines": [70], "summary": {"covered_lines": 1, "num_statements": 1, "percent_covered": 100.0, "percent_covered_display": "100", "missing_lines": 0, "excluded_lines": 0}, "missing_lines": [], "excluded_lines": []}, "Data.reports": {"executed_lines": [74], "summary": {"covered_lines": 1, "num_statements": 1, "percent_covered": 100.0, "percent_covered_display": "100", "missing_lines": 0, "excluded_lines": 0}, "missing_lines": [], "excluded_lines": []}, "Data.date_col": {"executed_lines": [85], "summary": {"covered_lines": 1, "num_statements": 1, "percent_covered": 100.0, "percent_covered_display": "100", "missing_lines": 0, "excluded_lines": 0}, "missing_lines": [], "excluded_lines": []}, "Data.assets": {"executed_lines": [96, 97, 98, 99], "summary": {"covered_lines": 4, "num_statements": 4, "percent_covered": 100.0, "percent_covered_display": "100", "missing_lines": 0, "excluded_lines": 0}, "missing_lines": [], "excluded_lines": []}, "Data.all": {"executed_lines": [113, 114, 116], "summary": {"covered_lines": 3, "num_statements": 3, "percent_covered": 100.0, "percent_covered_display": "100", "missing_lines": 0, "excluded_lines": 0}, "missing_lines": [], "excluded_lines": []}, "Data.all_pd": {"executed_lines": [120], "summary": {"covered_lines": 1, "num_statements": 1, "percent_covered": 100.0, "percent_covered_display": "100", "missing_lines": 0, "excluded_lines": 0}, "missing_lines": [], "excluded_lines": []}, "Data.returns_pd": {"executed_lines": [124, 125], "summary": {"covered_lines": 2, "num_statements": 2, "percent_covered": 100.0, "percent_covered_display": "100", "missing_lines": 0, "excluded_lines": 0}, "missing_lines": [], "excluded_lines": []}, "Data.benchmark_pd": {"executed_lines": [129, 130, 132, 133], "summary": {"covered_lines": 4, "num_statements": 4, "percent_covered": 100.0, "percent_covered_display": "100", "missing_lines": 0, "excluded_lines": 0}, "missing_lines": [], "excluded_lines": []}, "Data.resample": {"executed_lines": [147, 160, 161, 162, 164], "summary": {"covered_lines": 5, "num_statements": 5, "percent_covered": 100.0, "percent_covered_display": "100", "missing_lines": 0, "excluded_lines": 0}, "missing_lines": [], "excluded_lines": []}, "Data.resample.resample_frame": {"executed_lines": [148, 150], "summary": {"covered_lines": 2, "num_statements": 2, "percent_covered": 100.0, "percent_covered_display": "100", "missing_lines": 0, "excluded_lines": 0}, "missing_lines": [], "excluded_lines": []}, "Data.copy": {"executed_lines": [177, 178, 179, 181], "summary": {"covered_lines": 4, "num_statements": 4, "percent_covered": 100.0, "percent_covered_display": "100", "missing_lines": 0, "excluded_lines": 0}, "missing_lines": [], "excluded_lines": []}, "Data.head": {"executed_lines": [193], "summary": {"covered_lines": 1, "num_statements": 1, "percent_covered": 100.0, "percent_covered_display": "100", "missing_lines": 0, "excluded_lines": 0}, "missing_lines": [], "excluded_lines": []}, "Data.tail": {"executed_lines": [205], "summary": {"covered_lines": 1, "num_statements": 1, "percent_covered": 100.0, "percent_covered_display": "100", "missing_lines": 0, "excluded_lines": 0}, "missing_lines": [], "excluded_lines": []}, "Data._periods_per_year": {"executed_lines": [214, 217, 220, 223, 226, 228, 229], "summary": {"covered_lines": 7, "num_statements": 7, "percent_covered": 100.0, "percent_covered_display": "100", "missing_lines": 0, "excluded_lines": 0}, "missing_lines": [], "excluded_lines": []}, "Data.items": {"executed_lines": [232, 233], "summary": {"covered_lines": 2, "num_statements": 2, "percent_covered": 100.0, "percent_covered_display": "100", "missing_lines": 0, "excluded_lines": 0}, "missing_lines": [], "excluded_lines": []}, "": {"executed_lines": [1, 2, 4, 5, 7, 8, 9, 12, 13, 14, 29, 30, 31, 33, 52, 53, 62, 63, 72, 73, 76, 77, 87, 88, 101, 102, 118, 119, 122, 123, 127, 128, 135, 170, 183, 195, 207, 208, 231], "summary": {"covered_lines": 38, "num_statements": 38, "percent_covered": 100.0, "percent_covered_display": "100", "missing_lines": 0, "excluded_lines": 0}, "missing_lines": [], "excluded_lines": []}}, "classes": {"Data": {"executed_lines": [35, 36, 37, 40, 41, 42, 45, 46, 49, 50, 60, 70, 74, 85, 96, 97, 98, 99, 113, 114, 116, 120, 124, 125, 129, 130, 132, 133, 147, 148, 150, 160, 161, 162, 164, 177, 178, 179, 181, 193, 205, 214, 217, 220, 223, 226, 228, 229, 232, 233], "summary": {"covered_lines": 50, "num_statements": 50, "percent_covered": 100.0, "percent_covered_display": "100", "missing_lines": 0, "excluded_lines": 0}, "missing_lines": [], "excluded_lines": []}, "": {"executed_lines": [1, 2, 4, 5, 7, 8, 9, 12, 13, 14, 29, 30, 31, 33, 52, 53, 62, 63, 72, 73, 76, 77, 87, 88, 101, 102, 118, 119, 122, 123, 127, 128, 135, 170, 183, 195, 207, 208, 231], "summary": {"covered_lines": 38, "num_statements": 38, "percent_covered": 100.0, "percent_covered_display": "100", "missing_lines": 0, "excluded_lines": 0}, "missing_lines": [], "excluded_lines": []}}}, "src/jquantstats/_plots.py": {"executed_lines": [1, 2, 4, 5, 6, 7, 10, 11, 12, 29, 31, 44, 45, 55, 56, 57, 58, 60, 80, 83, 86, 87, 97, 112, 114, 116, 147, 150, 160, 161, 162, 174, 175, 187, 188, 200, 209, 210, 213, 214, 215, 217, 219, 253, 254, 257, 260, 267, 275, 276, 279, 280, 283, 284, 285, 287, 288, 290, 312, 338], "summary": {"covered_lines": 59, "num_statements": 59, "percent_covered": 100.0, "percent_covered_display": "100", "missing_lines": 0, "excluded_lines": 0}, "missing_lines": [], "excluded_lines": [], "functions": {"Plots._get_colors": {"executed_lines": [55, 56, 57, 58], "summary": {"covered_lines": 4, "num_statements": 4, "percent_covered": 100.0, "percent_covered_display": "100", "missing_lines": 0, "excluded_lines": 0}, "missing_lines": [], "excluded_lines": []}, "Plots.plot_returns_bars": {"executed_lines": [80, 83, 86, 87, 97, 112, 114], "summary": {"covered_lines": 7, "num_statements": 7, "percent_covered": 100.0, "percent_covered_display": "100", "missing_lines": 0, "excluded_lines": 0}, "missing_lines": [], "excluded_lines": []}, "Plots.plot_snapshot": {"executed_lines": [147, 150, 160, 161, 162, 174, 175, 187, 188, 200, 209, 210, 213, 214, 215, 217], "summary": {"covered_lines": 16, "num_statements": 16, "percent_covered": 100.0, "percent_covered_display": "100", "missing_lines": 0, "excluded_lines": 0}, "missing_lines": [], "excluded_lines": []}, "Plots.monthly_heatmap": {"executed_lines": [253, 254, 257, 260, 267, 275, 276, 279, 280, 283, 284, 285, 287, 288, 290, 312, 338], "summary": {"covered_lines": 17, "num_statements": 17, "percent_covered": 100.0, "percent_covered_display": "100", "missing_lines": 0, "excluded_lines": 0}, "missing_lines": [], "excluded_lines": []}, "": {"executed_lines": [1, 2, 4, 5, 6, 7, 10, 11, 12, 29, 31, 44, 45, 60, 116, 219], "summary": {"covered_lines": 15, "num_statements": 15, "percent_covered": 100.0, "percent_covered_display": "100", "missing_lines": 0, "excluded_lines": 0}, "missing_lines": [], "excluded_lines": []}}, "classes": {"Plots": {"executed_lines": [55, 56, 57, 58, 80, 83, 86, 87, 97, 112, 114, 147, 150, 160, 161, 162, 174, 175, 187, 188, 200, 209, 210, 213, 214, 215, 217, 253, 254, 257, 260, 267, 275, 276, 279, 280, 283, 284, 285, 287, 288, 290, 312, 338], "summary": {"covered_lines": 44, "num_statements": 44, "percent_covered": 100.0, "percent_covered_display": "100", "missing_lines": 0, "excluded_lines": 0}, "missing_lines": [], "excluded_lines": []}, "": {"executed_lines": [1, 2, 4, 5, 6, 7, 10, 11, 12, 29, 31, 44, 45, 60, 116, 219], "summary": {"covered_lines": 15, "num_statements": 15, "percent_covered": 100.0, "percent_covered_display": "100", "missing_lines": 0, "excluded_lines": 0}, "missing_lines": [], "excluded_lines": []}}}, "src/jquantstats/_reports.py": {"executed_lines": [1, 3, 6, 7, 8, 10, 11, 12], "summary": {"covered_lines": 8, "num_statements": 8, "percent_covered": 100.0, "percent_covered_display": "100", "missing_lines": 0, "excluded_lines": 0}, "missing_lines": [], "excluded_lines": [], "functions": {"Reports.basic": {"executed_lines": [11, 12], "summary": {"covered_lines": 2, "num_statements": 2, "percent_covered": 100.0, "percent_covered_display": "100", "missing_lines": 0, "excluded_lines": 0}, "missing_lines": [], "excluded_lines": []}, "": {"executed_lines": [1, 3, 6, 7, 8, 10], "summary": {"covered_lines": 6, "num_statements": 6, "percent_covered": 100.0, "percent_covered_display": "100", "missing_lines": 0, "excluded_lines": 0}, "missing_lines": [], "excluded_lines": []}}, "classes": {"Reports": {"executed_lines": [11, 12], "summary": {"covered_lines": 2, "num_statements": 2, "percent_covered": 100.0, "percent_covered_display": "100", "missing_lines": 0, "excluded_lines": 0}, "missing_lines": [], "excluded_lines": []}, "": {"executed_lines": [1, 3, 6, 7, 8, 10], "summary": {"covered_lines": 6, "num_statements": 6, "percent_covered": 100.0, "percent_covered_display": "100", "missing_lines": 0, "excluded_lines": 0}, "missing_lines": [], "excluded_lines": []}}}, "src/jquantstats/_stats.py": {"executed_lines": [1, 2, 3, 5, 6, 7, 10, 11, 12, 33, 34, 36, 37, 39, 40, 41, 43, 44, 45, 47, 48, 60, 61, 62, 64, 66, 67, 78, 79, 80, 85, 87, 88, 98, 100, 101, 112, 114, 115, 125, 127, 128, 138, 140, 141, 151, 153, 154, 168, 169, 171, 172, 173, 175, 176, 188, 190, 193, 196, 198, 199, 209, 211, 212, 214, 221, 223, 224, 234, 235, 237, 238, 239, 241, 243, 244, 246, 247, 257, 258, 260, 262, 274, 275, 287, 288, 290, 292, 293, 305, 306, 308, 311, 313, 314, 324, 325, 326, 328, 329, 340, 341, 342, 343, 344, 345, 347, 348, 358, 360, 372, 373, 375, 381, 382, 392, 394, 395, 405, 407, 408, 418, 420, 421, 432, 434, 435, 436, 438, 439, 451, 452, 453, 455, 456, 469, 470, 471, 473, 474, 486, 489, 492, 493, 495, 506, 507, 509, 510, 524, 525, 527, 532, 535, 536, 538, 541, 542, 544, 545, 546, 548, 555, 557, 558, 571, 573, 575, 576, 578, 579, 580, 581, 583, 584, 597, 600, 603, 604, 607, 608, 611, 613, 614, 616, 617, 619], "summary": {"covered_lines": 186, "num_statements": 189, "percent_covered": 98.41269841269842, "percent_covered_display": "98", "missing_lines": 3, "excluded_lines": 0}, "missing_lines": [269, 270, 272], "excluded_lines": [], "functions": {"Stats.__post_init__": {"executed_lines": [37], "summary": {"covered_lines": 1, "num_statements": 1, "percent_covered": 100.0, "percent_covered_display": "100", "missing_lines": 0, "excluded_lines": 0}, "missing_lines": [], "excluded_lines": []}, "Stats._mean_positive_expr": {"executed_lines": [41], "summary": {"covered_lines": 1, "num_statements": 1, "percent_covered": 100.0, "percent_covered_display": "100", "missing_lines": 0, "excluded_lines": 0}, "missing_lines": [], "excluded_lines": []}, "Stats._mean_negative_expr": {"executed_lines": [45], "summary": {"covered_lines": 1, "num_statements": 1, "percent_covered": 100.0, "percent_covered_display": "100", "missing_lines": 0, "excluded_lines": 0}, "missing_lines": [], "excluded_lines": []}, "Stats.columnwise_stat": {"executed_lines": [60, 61, 64], "summary": {"covered_lines": 3, "num_statements": 3, "percent_covered": 100.0, "percent_covered_display": "100", "missing_lines": 0, "excluded_lines": 0}, "missing_lines": [], "excluded_lines": []}, "Stats.columnwise_stat.wrapper": {"executed_lines": [62], "summary": {"covered_lines": 1, "num_statements": 1, "percent_covered": 100.0, "percent_covered_display": "100", "missing_lines": 0, "excluded_lines": 0}, "missing_lines": [], "excluded_lines": []}, "Stats.to_frame": {"executed_lines": [78, 79, 85], "summary": {"covered_lines": 3, "num_statements": 3, "percent_covered": 100.0, "percent_covered_display": "100", "missing_lines": 0, "excluded_lines": 0}, "missing_lines": [], "excluded_lines": []}, "Stats.to_frame.wrapper": {"executed_lines": [80], "summary": {"covered_lines": 1, "num_statements": 1, "percent_covered": 100.0, "percent_covered_display": "100", "missing_lines": 0, "excluded_lines": 0}, "missing_lines": [], "excluded_lines": []}, "Stats.skew": {"executed_lines": [98], "summary": {"covered_lines": 1, "num_statements": 1, "percent_covered": 100.0, "percent_covered_display": "100", "missing_lines": 0, "excluded_lines": 0}, "missing_lines": [], "excluded_lines": []}, "Stats.kurtosis": {"executed_lines": [112], "summary": {"covered_lines": 1, "num_statements": 1, "percent_covered": 100.0, "percent_covered_display": "100", "missing_lines": 0, "excluded_lines": 0}, "missing_lines": [], "excluded_lines": []}, "Stats.avg_return": {"executed_lines": [125], "summary": {"covered_lines": 1, "num_statements": 1, "percent_covered": 100.0, "percent_covered_display": "100", "missing_lines": 0, "excluded_lines": 0}, "missing_lines": [], "excluded_lines": []}, "Stats.avg_win": {"executed_lines": [138], "summary": {"covered_lines": 1, "num_statements": 1, "percent_covered": 100.0, "percent_covered_display": "100", "missing_lines": 0, "excluded_lines": 0}, "missing_lines": [], "excluded_lines": []}, "Stats.avg_loss": {"executed_lines": [151], "summary": {"covered_lines": 1, "num_statements": 1, "percent_covered": 100.0, "percent_covered_display": "100", "missing_lines": 0, "excluded_lines": 0}, "missing_lines": [], "excluded_lines": []}, "Stats.volatility": {"executed_lines": [168, 169], "summary": {"covered_lines": 2, "num_statements": 2, "percent_covered": 100.0, "percent_covered_display": "100", "missing_lines": 0, "excluded_lines": 0}, "missing_lines": [], "excluded_lines": []}, "Stats.rolling_volatility": {"executed_lines": [173], "summary": {"covered_lines": 1, "num_statements": 1, "percent_covered": 100.0, "percent_covered_display": "100", "missing_lines": 0, "excluded_lines": 0}, "missing_lines": [], "excluded_lines": []}, "Stats.drawdown": {"executed_lines": [188, 190, 193, 196], "summary": {"covered_lines": 4, "num_statements": 4, "percent_covered": 100.0, "percent_covered_display": "100", "missing_lines": 0, "excluded_lines": 0}, "missing_lines": [], "excluded_lines": []}, "Stats.payoff_ratio": {"executed_lines": [209, 211, 212], "summary": {"covered_lines": 3, "num_statements": 3, "percent_covered": 100.0, "percent_covered_display": "100", "missing_lines": 0, "excluded_lines": 0}, "missing_lines": [], "excluded_lines": []}, "Stats.win_loss_ratio": {"executed_lines": [221], "summary": {"covered_lines": 1, "num_statements": 1, "percent_covered": 100.0, "percent_covered_display": "100", "missing_lines": 0, "excluded_lines": 0}, "missing_lines": [], "excluded_lines": []}, "Stats.profit_ratio": {"executed_lines": [234, 235, 237, 238, 239, 241, 243, 244], "summary": {"covered_lines": 8, "num_statements": 8, "percent_covered": 100.0, "percent_covered_display": "100", "missing_lines": 0, "excluded_lines": 0}, "missing_lines": [], "excluded_lines": []}, "Stats.profit_factor": {"executed_lines": [257, 258, 260], "summary": {"covered_lines": 3, "num_statements": 3, "percent_covered": 100.0, "percent_covered_display": "100", "missing_lines": 0, "excluded_lines": 0}, "missing_lines": [], "excluded_lines": []}, "Stats.common_sense_ratio": {"executed_lines": [], "summary": {"covered_lines": 0, "num_statements": 3, "percent_covered": 0.0, "percent_covered_display": "0", "missing_lines": 3, "excluded_lines": 0}, "missing_lines": [269, 270, 272], "excluded_lines": []}, "Stats.value_at_risk": {"executed_lines": [287, 288, 290], "summary": {"covered_lines": 3, "num_statements": 3, "percent_covered": 100.0, "percent_covered_display": "100", "missing_lines": 0, "excluded_lines": 0}, "missing_lines": [], "excluded_lines": []}, "Stats.conditional_value_at_risk": {"executed_lines": [305, 306, 308, 311], "summary": {"covered_lines": 4, "num_statements": 4, "percent_covered": 100.0, "percent_covered_display": "100", "missing_lines": 0, "excluded_lines": 0}, "missing_lines": [], "excluded_lines": []}, "Stats.win_rate": {"executed_lines": [324, 325, 326], "summary": {"covered_lines": 3, "num_statements": 3, "percent_covered": 100.0, "percent_covered_display": "100", "missing_lines": 0, "excluded_lines": 0}, "missing_lines": [], "excluded_lines": []}, "Stats.gain_to_pain_ratio": {"executed_lines": [340, 341, 342, 343, 344, 345], "summary": {"covered_lines": 6, "num_statements": 6, "percent_covered": 100.0, "percent_covered_display": "100", "missing_lines": 0, "excluded_lines": 0}, "missing_lines": [], "excluded_lines": []}, "Stats.risk_return_ratio": {"executed_lines": [358], "summary": {"covered_lines": 1, "num_statements": 1, "percent_covered": 100.0, "percent_covered_display": "100", "missing_lines": 0, "excluded_lines": 0}, "missing_lines": [], "excluded_lines": []}, "Stats.kelly_criterion": {"executed_lines": [372, 373, 375], "summary": {"covered_lines": 3, "num_statements": 3, "percent_covered": 100.0, "percent_covered_display": "100", "missing_lines": 0, "excluded_lines": 0}, "missing_lines": [], "excluded_lines": []}, "Stats.best": {"executed_lines": [392], "summary": {"covered_lines": 1, "num_statements": 1, "percent_covered": 100.0, "percent_covered_display": "100", "missing_lines": 0, "excluded_lines": 0}, "missing_lines": [], "excluded_lines": []}, "Stats.worst": {"executed_lines": [405], "summary": {"covered_lines": 1, "num_statements": 1, "percent_covered": 100.0, "percent_covered_display": "100", "missing_lines": 0, "excluded_lines": 0}, "missing_lines": [], "excluded_lines": []}, "Stats.exposure": {"executed_lines": [418], "summary": {"covered_lines": 1, "num_statements": 1, "percent_covered": 100.0, "percent_covered_display": "100", "missing_lines": 0, "excluded_lines": 0}, "missing_lines": [], "excluded_lines": []}, "Stats.sharpe": {"executed_lines": [432, 434, 435, 436], "summary": {"covered_lines": 4, "num_statements": 4, "percent_covered": 100.0, "percent_covered_display": "100", "missing_lines": 0, "excluded_lines": 0}, "missing_lines": [], "excluded_lines": []}, "Stats.rolling_sharpe": {"executed_lines": [451, 452, 453], "summary": {"covered_lines": 3, "num_statements": 3, "percent_covered": 100.0, "percent_covered_display": "100", "missing_lines": 0, "excluded_lines": 0}, "missing_lines": [], "excluded_lines": []}, "Stats.sortino": {"executed_lines": [469, 470, 471], "summary": {"covered_lines": 3, "num_statements": 3, "percent_covered": 100.0, "percent_covered_display": "100", "missing_lines": 0, "excluded_lines": 0}, "missing_lines": [], "excluded_lines": []}, "Stats.rolling_sortino": {"executed_lines": [486, 489, 492, 493], "summary": {"covered_lines": 4, "num_statements": 4, "percent_covered": 100.0, "percent_covered_display": "100", "missing_lines": 0, "excluded_lines": 0}, "missing_lines": [], "excluded_lines": []}, "Stats.adjusted_sortino": {"executed_lines": [506, 507], "summary": {"covered_lines": 2, "num_statements": 2, "percent_covered": 100.0, "percent_covered_display": "100", "missing_lines": 0, "excluded_lines": 0}, "missing_lines": [], "excluded_lines": []}, "Stats.r_squared": {"executed_lines": [524, 525, 527, 532, 535, 536, 538, 541, 542, 544, 545, 546], "summary": {"covered_lines": 12, "num_statements": 12, "percent_covered": 100.0, "percent_covered_display": "100", "missing_lines": 0, "excluded_lines": 0}, "missing_lines": [], "excluded_lines": []}, "Stats.r2": {"executed_lines": [555], "summary": {"covered_lines": 1, "num_statements": 1, "percent_covered": 100.0, "percent_covered_display": "100", "missing_lines": 0, "excluded_lines": 0}, "missing_lines": [], "excluded_lines": []}, "Stats.information_ratio": {"executed_lines": [571, 573, 575, 576, 578, 579, 580, 581], "summary": {"covered_lines": 8, "num_statements": 8, "percent_covered": 100.0, "percent_covered_display": "100", "missing_lines": 0, "excluded_lines": 0}, "missing_lines": [], "excluded_lines": []}, "Stats.greeks": {"executed_lines": [597, 600, 603, 604, 607, 608, 611, 613, 614, 616, 617, 619], "summary": {"covered_lines": 12, "num_statements": 12, "percent_covered": 100.0, "percent_covered_display": "100", "missing_lines": 0, "excluded_lines": 0}, "missing_lines": [], "excluded_lines": []}, "": {"executed_lines": [1, 2, 3, 5, 6, 7, 10, 11, 12, 33, 34, 36, 39, 40, 43, 44, 47, 48, 66, 67, 87, 88, 100, 101, 114, 115, 127, 128, 140, 141, 153, 154, 171, 172, 175, 176, 198, 199, 214, 223, 224, 246, 247, 262, 274, 275, 292, 293, 313, 314, 328, 329, 347, 348, 360, 381, 382, 394, 395, 407, 408, 420, 421, 438, 439, 455, 456, 473, 474, 495, 509, 510, 548, 557, 558, 583, 584], "summary": {"covered_lines": 76, "num_statements": 76, "percent_covered": 100.0, "percent_covered_display": "100", "missing_lines": 0, "excluded_lines": 0}, "missing_lines": [], "excluded_lines": []}}, "classes": {"Stats": {"executed_lines": [37, 41, 45, 60, 61, 62, 64, 78, 79, 80, 85, 98, 112, 125, 138, 151, 168, 169, 173, 188, 190, 193, 196, 209, 211, 212, 221, 234, 235, 237, 238, 239, 241, 243, 244, 257, 258, 260, 287, 288, 290, 305, 306, 308, 311, 324, 325, 326, 340, 341, 342, 343, 344, 345, 358, 372, 373, 375, 392, 405, 418, 432, 434, 435, 436, 451, 452, 453, 469, 470, 471, 486, 489, 492, 493, 506, 507, 524, 525, 527, 532, 535, 536, 538, 541, 542, 544, 545, 546, 555, 571, 573, 575, 576, 578, 579, 580, 581, 597, 600, 603, 604, 607, 608, 611, 613, 614, 616, 617, 619], "summary": {"covered_lines": 110, "num_statements": 113, "percent_covered": 97.34513274336283, "percent_covered_display": "97", "missing_lines": 3, "excluded_lines": 0}, "missing_lines": [269, 270, 272], "excluded_lines": []}, "": {"executed_lines": [1, 2, 3, 5, 6, 7, 10, 11, 12, 33, 34, 36, 39, 40, 43, 44, 47, 48, 66, 67, 87, 88, 100, 101, 114, 115, 127, 128, 140, 141, 153, 154, 171, 172, 175, 176, 198, 199, 214, 223, 224, 246, 247, 262, 274, 275, 292, 293, 313, 314, 328, 329, 347, 348, 360, 381, 382, 394, 395, 407, 408, 420, 421, 438, 439, 455, 456, 473, 474, 495, 509, 510, 548, 557, 558, 583, 584], "summary": {"covered_lines": 76, "num_statements": 76, "percent_covered": 100.0, "percent_covered_display": "100", "missing_lines": 0, "excluded_lines": 0}, "missing_lines": [], "excluded_lines": []}}}, "src/jquantstats/api.py": {"executed_lines": [19, 31, 32, 34, 37, 56, 58, 59, 61, 64, 65, 74, 75, 77, 78, 81, 82, 83, 84, 85, 86, 89, 90, 91, 93], "summary": {"covered_lines": 24, "num_statements": 24, "percent_covered": 100.0, "percent_covered_display": "100", "missing_lines": 0, "excluded_lines": 0}, "missing_lines": [], "excluded_lines": [], "functions": {"build_data": {"executed_lines": [56, 74, 75, 77, 78, 81, 82, 83, 84, 85, 86, 89, 90, 91, 93], "summary": {"covered_lines": 15, "num_statements": 15, "percent_covered": 100.0, "percent_covered_display": "100", "missing_lines": 0, "excluded_lines": 0}, "missing_lines": [], "excluded_lines": []}, "build_data.subtract_risk_free": {"executed_lines": [58, 59, 61, 64, 65], "summary": {"covered_lines": 5, "num_statements": 5, "percent_covered": 100.0, "percent_covered_display": "100", "missing_lines": 0, "excluded_lines": 0}, "missing_lines": [], "excluded_lines": []}, "": {"executed_lines": [19, 31, 32, 34, 37], "summary": {"covered_lines": 4, "num_statements": 4, "percent_covered": 100.0, "percent_covered_display": "100", "missing_lines": 0, "excluded_lines": 0}, "missing_lines": [], "excluded_lines": []}}, "classes": {"": {"executed_lines": [19, 31, 32, 34, 37, 56, 58, 59, 61, 64, 65, 74, 75, 77, 78, 81, 82, 83, 84, 85, 86, 89, 90, 91, 93], "summary": {"covered_lines": 24, "num_statements": 24, "percent_covered": 100.0, "percent_covered_display": "100", "missing_lines": 0, "excluded_lines": 0}, "missing_lines": [], "excluded_lines": []}}}}, "totals": {"covered_lines": 365, "num_statements": 368, "percent_covered": 99.18478260869566, "percent_covered_display": "99", "missing_lines": 3, "excluded_lines": 0}}